[2023-06-26 21:00:06,448] {taskinstance.py:1159} INFO - Dependencies all met for <TaskInstance: elt_reddit_pipeline.copy_to_redshift scheduled__2023-06-26T20:50:00+00:00 [queued]>
[2023-06-26 21:00:06,454] {taskinstance.py:1159} INFO - Dependencies all met for <TaskInstance: elt_reddit_pipeline.copy_to_redshift scheduled__2023-06-26T20:50:00+00:00 [queued]>
[2023-06-26 21:00:06,454] {taskinstance.py:1356} INFO - 
--------------------------------------------------------------------------------
[2023-06-26 21:00:06,455] {taskinstance.py:1357} INFO - Starting attempt 1 of 2
[2023-06-26 21:00:06,455] {taskinstance.py:1358} INFO - 
--------------------------------------------------------------------------------
[2023-06-26 21:00:06,464] {taskinstance.py:1377} INFO - Executing <Task(BashOperator): copy_to_redshift> on 2023-06-26 20:50:00+00:00
[2023-06-26 21:00:06,467] {standard_task_runner.py:52} INFO - Started process 7278 to run task
[2023-06-26 21:00:06,471] {standard_task_runner.py:79} INFO - Running: ['***', 'tasks', 'run', 'elt_reddit_pipeline', 'copy_to_redshift', 'scheduled__2023-06-26T20:50:00+00:00', '--job-id', '37', '--raw', '--subdir', 'DAGS_FOLDER/elt_reddit_pipeline.py', '--cfg-path', '/tmp/tmpdb4orr_5', '--error-file', '/tmp/tmp4ndq3zxf']
[2023-06-26 21:00:06,471] {standard_task_runner.py:80} INFO - Job 37: Subtask copy_to_redshift
[2023-06-26 21:00:06,512] {task_command.py:370} INFO - Running <TaskInstance: elt_reddit_pipeline.copy_to_redshift scheduled__2023-06-26T20:50:00+00:00 [running]> on host e5f9599bf06c
[2023-06-26 21:00:06,557] {taskinstance.py:1571} INFO - Exporting the following env vars:
AIRFLOW_CTX_DAG_OWNER=***
AIRFLOW_CTX_DAG_ID=elt_reddit_pipeline
AIRFLOW_CTX_TASK_ID=copy_to_redshift
AIRFLOW_CTX_EXECUTION_DATE=2023-06-26T20:50:00+00:00
AIRFLOW_CTX_TRY_NUMBER=1
AIRFLOW_CTX_DAG_RUN_ID=scheduled__2023-06-26T20:50:00+00:00
[2023-06-26 21:00:06,558] {subprocess.py:62} INFO - Tmp dir root location: 
 /tmp
[2023-06-26 21:00:06,559] {subprocess.py:74} INFO - Running command: ['bash', '-c', 'python /opt/***/extraction/upload_aws_redshift_etl.py 20230626']
[2023-06-26 21:00:06,568] {subprocess.py:85} INFO - Output:
[2023-06-26 21:00:06,704] {subprocess.py:92} INFO - Unable to connect to Redshift. Error could not translate host name "Anmol_reddit_hostname" to address: Name or service not known
[2023-06-26 21:00:06,704] {subprocess.py:92} INFO - 
[2023-06-26 21:00:06,709] {subprocess.py:96} INFO - Command exited with return code 1
[2023-06-26 21:00:06,722] {taskinstance.py:1889} ERROR - Task failed with exception
Traceback (most recent call last):
  File "/home/airflow/.local/lib/python3.7/site-packages/airflow/operators/bash.py", line 195, in execute
    f'Bash command failed. The command returned a non-zero exit code {result.exit_code}.'
airflow.exceptions.AirflowException: Bash command failed. The command returned a non-zero exit code 1.
[2023-06-26 21:00:06,725] {taskinstance.py:1400} INFO - Marking task as UP_FOR_RETRY. dag_id=elt_reddit_pipeline, task_id=copy_to_redshift, execution_date=20230626T205000, start_date=20230626T210006, end_date=20230626T210006
[2023-06-26 21:00:06,732] {standard_task_runner.py:97} ERROR - Failed to execute job 37 for task copy_to_redshift (Bash command failed. The command returned a non-zero exit code 1.; 7278)
[2023-06-26 21:00:06,771] {local_task_job.py:156} INFO - Task exited with return code 1
[2023-06-26 21:00:06,796] {local_task_job.py:273} INFO - 0 downstream tasks scheduled from follow-on schedule check
