[2023-06-26 18:18:01,744] {taskinstance.py:1159} INFO - Dependencies all met for <TaskInstance: elt_reddit_pipeline.upload_to_s3 scheduled__2023-06-25T00:00:00+00:00 [queued]>
[2023-06-26 18:18:01,753] {taskinstance.py:1159} INFO - Dependencies all met for <TaskInstance: elt_reddit_pipeline.upload_to_s3 scheduled__2023-06-25T00:00:00+00:00 [queued]>
[2023-06-26 18:18:01,754] {taskinstance.py:1356} INFO - 
--------------------------------------------------------------------------------
[2023-06-26 18:18:01,754] {taskinstance.py:1357} INFO - Starting attempt 1 of 2
[2023-06-26 18:18:01,755] {taskinstance.py:1358} INFO - 
--------------------------------------------------------------------------------
[2023-06-26 18:18:01,764] {taskinstance.py:1377} INFO - Executing <Task(BashOperator): upload_to_s3> on 2023-06-25 00:00:00+00:00
[2023-06-26 18:18:01,768] {standard_task_runner.py:52} INFO - Started process 76 to run task
[2023-06-26 18:18:01,771] {standard_task_runner.py:79} INFO - Running: ['***', 'tasks', 'run', 'elt_reddit_pipeline', 'upload_to_s3', 'scheduled__2023-06-25T00:00:00+00:00', '--job-id', '4', '--raw', '--subdir', 'DAGS_FOLDER/elt_reddit_pipeline.py', '--cfg-path', '/tmp/tmpsv4trgob', '--error-file', '/tmp/tmplfc43_mj']
[2023-06-26 18:18:01,772] {standard_task_runner.py:80} INFO - Job 4: Subtask upload_to_s3
[2023-06-26 18:18:01,816] {task_command.py:370} INFO - Running <TaskInstance: elt_reddit_pipeline.upload_to_s3 scheduled__2023-06-25T00:00:00+00:00 [running]> on host e5f9599bf06c
[2023-06-26 18:18:01,863] {taskinstance.py:1571} INFO - Exporting the following env vars:
AIRFLOW_CTX_DAG_OWNER=***
AIRFLOW_CTX_DAG_ID=elt_reddit_pipeline
AIRFLOW_CTX_TASK_ID=upload_to_s3
AIRFLOW_CTX_EXECUTION_DATE=2023-06-25T00:00:00+00:00
AIRFLOW_CTX_TRY_NUMBER=1
AIRFLOW_CTX_DAG_RUN_ID=scheduled__2023-06-25T00:00:00+00:00
[2023-06-26 18:18:01,865] {subprocess.py:62} INFO - Tmp dir root location: 
 /tmp
[2023-06-26 18:18:01,865] {subprocess.py:74} INFO - Running command: ['bash', '-c', 'python /opt/***/extraction/upload_aws_s3_etl.py 20230626']
[2023-06-26 18:18:01,874] {subprocess.py:85} INFO - Output:
[2023-06-26 18:18:03,121] {subprocess.py:96} INFO - Command exited with return code 0
[2023-06-26 18:18:03,152] {taskinstance.py:1400} INFO - Marking task as SUCCESS. dag_id=elt_reddit_pipeline, task_id=upload_to_s3, execution_date=20230625T000000, start_date=20230626T181801, end_date=20230626T181803
[2023-06-26 18:18:03,177] {local_task_job.py:156} INFO - Task exited with return code 0
[2023-06-26 18:18:03,206] {local_task_job.py:273} INFO - 1 downstream tasks scheduled from follow-on schedule check
