[2023-06-26 18:17:59,237] {taskinstance.py:1159} INFO - Dependencies all met for <TaskInstance: elt_reddit_pipeline.extract_reddit_data scheduled__2023-06-25T00:00:00+00:00 [queued]>
[2023-06-26 18:17:59,243] {taskinstance.py:1159} INFO - Dependencies all met for <TaskInstance: elt_reddit_pipeline.extract_reddit_data scheduled__2023-06-25T00:00:00+00:00 [queued]>
[2023-06-26 18:17:59,243] {taskinstance.py:1356} INFO - 
--------------------------------------------------------------------------------
[2023-06-26 18:17:59,244] {taskinstance.py:1357} INFO - Starting attempt 1 of 2
[2023-06-26 18:17:59,244] {taskinstance.py:1358} INFO - 
--------------------------------------------------------------------------------
[2023-06-26 18:17:59,253] {taskinstance.py:1377} INFO - Executing <Task(BashOperator): extract_reddit_data> on 2023-06-25 00:00:00+00:00
[2023-06-26 18:17:59,257] {standard_task_runner.py:52} INFO - Started process 67 to run task
[2023-06-26 18:17:59,261] {standard_task_runner.py:79} INFO - Running: ['***', 'tasks', 'run', 'elt_reddit_pipeline', 'extract_reddit_data', 'scheduled__2023-06-25T00:00:00+00:00', '--job-id', '3', '--raw', '--subdir', 'DAGS_FOLDER/elt_reddit_pipeline.py', '--cfg-path', '/tmp/tmpbsu82p21', '--error-file', '/tmp/tmp1aumocek']
[2023-06-26 18:17:59,262] {standard_task_runner.py:80} INFO - Job 3: Subtask extract_reddit_data
[2023-06-26 18:17:59,312] {task_command.py:370} INFO - Running <TaskInstance: elt_reddit_pipeline.extract_reddit_data scheduled__2023-06-25T00:00:00+00:00 [running]> on host e5f9599bf06c
[2023-06-26 18:17:59,365] {taskinstance.py:1571} INFO - Exporting the following env vars:
AIRFLOW_CTX_DAG_OWNER=***
AIRFLOW_CTX_DAG_ID=elt_reddit_pipeline
AIRFLOW_CTX_TASK_ID=extract_reddit_data
AIRFLOW_CTX_EXECUTION_DATE=2023-06-25T00:00:00+00:00
AIRFLOW_CTX_TRY_NUMBER=1
AIRFLOW_CTX_DAG_RUN_ID=scheduled__2023-06-25T00:00:00+00:00
[2023-06-26 18:17:59,367] {subprocess.py:62} INFO - Tmp dir root location: 
 /tmp
[2023-06-26 18:17:59,368] {subprocess.py:74} INFO - Running command: ['bash', '-c', 'python /opt/***/extraction/extract_reddit_etl.py 20230626']
[2023-06-26 18:17:59,383] {subprocess.py:85} INFO - Output:
[2023-06-26 18:18:01,468] {subprocess.py:96} INFO - Command exited with return code 0
[2023-06-26 18:18:01,495] {taskinstance.py:1400} INFO - Marking task as SUCCESS. dag_id=elt_reddit_pipeline, task_id=extract_reddit_data, execution_date=20230625T000000, start_date=20230626T181759, end_date=20230626T181801
[2023-06-26 18:18:01,524] {local_task_job.py:156} INFO - Task exited with return code 0
[2023-06-26 18:18:01,553] {local_task_job.py:273} INFO - 1 downstream tasks scheduled from follow-on schedule check
