[2023-06-26 20:04:53,654] {taskinstance.py:1159} INFO - Dependencies all met for <TaskInstance: elt_reddit_pipeline.extract_reddit_data manual__2023-06-26T20:00:23.562972+00:00 [queued]>
[2023-06-26 20:04:53,661] {taskinstance.py:1159} INFO - Dependencies all met for <TaskInstance: elt_reddit_pipeline.extract_reddit_data manual__2023-06-26T20:00:23.562972+00:00 [queued]>
[2023-06-26 20:04:53,662] {taskinstance.py:1356} INFO - 
--------------------------------------------------------------------------------
[2023-06-26 20:04:53,662] {taskinstance.py:1357} INFO - Starting attempt 1 of 2
[2023-06-26 20:04:53,663] {taskinstance.py:1358} INFO - 
--------------------------------------------------------------------------------
[2023-06-26 20:04:53,673] {taskinstance.py:1377} INFO - Executing <Task(BashOperator): extract_reddit_data> on 2023-06-26 20:00:23.562972+00:00
[2023-06-26 20:04:53,678] {standard_task_runner.py:52} INFO - Started process 4393 to run task
[2023-06-26 20:04:53,681] {standard_task_runner.py:79} INFO - Running: ['***', 'tasks', 'run', 'elt_reddit_pipeline', 'extract_reddit_data', 'manual__2023-06-26T20:00:23.562972+00:00', '--job-id', '11', '--raw', '--subdir', 'DAGS_FOLDER/elt_reddit_pipeline.py', '--cfg-path', '/tmp/tmpg23z9w45', '--error-file', '/tmp/tmp96hsm1wo']
[2023-06-26 20:04:53,683] {standard_task_runner.py:80} INFO - Job 11: Subtask extract_reddit_data
[2023-06-26 20:04:53,737] {task_command.py:370} INFO - Running <TaskInstance: elt_reddit_pipeline.extract_reddit_data manual__2023-06-26T20:00:23.562972+00:00 [running]> on host e5f9599bf06c
[2023-06-26 20:04:53,792] {taskinstance.py:1571} INFO - Exporting the following env vars:
AIRFLOW_CTX_DAG_OWNER=***
AIRFLOW_CTX_DAG_ID=elt_reddit_pipeline
AIRFLOW_CTX_TASK_ID=extract_reddit_data
AIRFLOW_CTX_EXECUTION_DATE=2023-06-26T20:00:23.562972+00:00
AIRFLOW_CTX_TRY_NUMBER=1
AIRFLOW_CTX_DAG_RUN_ID=manual__2023-06-26T20:00:23.562972+00:00
[2023-06-26 20:04:53,794] {subprocess.py:62} INFO - Tmp dir root location: 
 /tmp
[2023-06-26 20:04:53,795] {subprocess.py:74} INFO - Running command: ['bash', '-c', 'python /opt/***/extraction/extract_reddit_etl.py 20230626']
[2023-06-26 20:04:53,806] {subprocess.py:85} INFO - Output:
[2023-06-26 20:04:55,173] {subprocess.py:96} INFO - Command exited with return code 0
[2023-06-26 20:04:55,213] {taskinstance.py:1400} INFO - Marking task as SUCCESS. dag_id=elt_reddit_pipeline, task_id=extract_reddit_data, execution_date=20230626T200023, start_date=20230626T200453, end_date=20230626T200455
[2023-06-26 20:04:55,243] {local_task_job.py:156} INFO - Task exited with return code 0
[2023-06-26 20:04:55,280] {local_task_job.py:273} INFO - 1 downstream tasks scheduled from follow-on schedule check
