[2023-06-26 18:18:03,943] {taskinstance.py:1159} INFO - Dependencies all met for <TaskInstance: elt_reddit_pipeline.copy_to_redshift scheduled__2023-06-25T00:00:00+00:00 [queued]>
[2023-06-26 18:18:03,948] {taskinstance.py:1159} INFO - Dependencies all met for <TaskInstance: elt_reddit_pipeline.copy_to_redshift scheduled__2023-06-25T00:00:00+00:00 [queued]>
[2023-06-26 18:18:03,949] {taskinstance.py:1356} INFO - 
--------------------------------------------------------------------------------
[2023-06-26 18:18:03,949] {taskinstance.py:1357} INFO - Starting attempt 1 of 2
[2023-06-26 18:18:03,950] {taskinstance.py:1358} INFO - 
--------------------------------------------------------------------------------
[2023-06-26 18:18:03,958] {taskinstance.py:1377} INFO - Executing <Task(BashOperator): copy_to_redshift> on 2023-06-25 00:00:00+00:00
[2023-06-26 18:18:03,961] {standard_task_runner.py:52} INFO - Started process 83 to run task
[2023-06-26 18:18:03,964] {standard_task_runner.py:79} INFO - Running: ['***', 'tasks', 'run', 'elt_reddit_pipeline', 'copy_to_redshift', 'scheduled__2023-06-25T00:00:00+00:00', '--job-id', '5', '--raw', '--subdir', 'DAGS_FOLDER/elt_reddit_pipeline.py', '--cfg-path', '/tmp/tmpfdd5ahpj', '--error-file', '/tmp/tmplla71_ca']
[2023-06-26 18:18:03,964] {standard_task_runner.py:80} INFO - Job 5: Subtask copy_to_redshift
[2023-06-26 18:18:04,004] {task_command.py:370} INFO - Running <TaskInstance: elt_reddit_pipeline.copy_to_redshift scheduled__2023-06-25T00:00:00+00:00 [running]> on host e5f9599bf06c
[2023-06-26 18:18:04,050] {taskinstance.py:1571} INFO - Exporting the following env vars:
AIRFLOW_CTX_DAG_OWNER=***
AIRFLOW_CTX_DAG_ID=elt_reddit_pipeline
AIRFLOW_CTX_TASK_ID=copy_to_redshift
AIRFLOW_CTX_EXECUTION_DATE=2023-06-25T00:00:00+00:00
AIRFLOW_CTX_TRY_NUMBER=1
AIRFLOW_CTX_DAG_RUN_ID=scheduled__2023-06-25T00:00:00+00:00
[2023-06-26 18:18:04,052] {subprocess.py:62} INFO - Tmp dir root location: 
 /tmp
[2023-06-26 18:18:04,052] {subprocess.py:74} INFO - Running command: ['bash', '-c', 'python /opt/***/extraction/upload_aws_redshift_etl.py 20230626']
[2023-06-26 18:18:04,060] {subprocess.py:85} INFO - Output:
[2023-06-26 18:18:04,321] {subprocess.py:92} INFO - Unable to connect to Redshift. Error could not translate host name "Anmol_reddit_hostname" to address: Name or service not known
[2023-06-26 18:18:04,321] {subprocess.py:92} INFO - 
[2023-06-26 18:18:04,326] {subprocess.py:96} INFO - Command exited with return code 1
[2023-06-26 18:18:04,339] {taskinstance.py:1889} ERROR - Task failed with exception
Traceback (most recent call last):
  File "/home/airflow/.local/lib/python3.7/site-packages/airflow/operators/bash.py", line 195, in execute
    f'Bash command failed. The command returned a non-zero exit code {result.exit_code}.'
airflow.exceptions.AirflowException: Bash command failed. The command returned a non-zero exit code 1.
[2023-06-26 18:18:04,342] {taskinstance.py:1400} INFO - Marking task as UP_FOR_RETRY. dag_id=elt_reddit_pipeline, task_id=copy_to_redshift, execution_date=20230625T000000, start_date=20230626T181803, end_date=20230626T181804
[2023-06-26 18:18:04,349] {standard_task_runner.py:97} ERROR - Failed to execute job 5 for task copy_to_redshift (Bash command failed. The command returned a non-zero exit code 1.; 83)
[2023-06-26 18:18:04,378] {local_task_job.py:156} INFO - Task exited with return code 1
[2023-06-26 18:18:04,403] {local_task_job.py:273} INFO - 0 downstream tasks scheduled from follow-on schedule check
