[2023-06-26 21:30:06,237] {taskinstance.py:1159} INFO - Dependencies all met for <TaskInstance: elt_reddit_pipeline.copy_to_redshift scheduled__2023-06-26T21:20:00+00:00 [queued]>
[2023-06-26 21:30:06,244] {taskinstance.py:1159} INFO - Dependencies all met for <TaskInstance: elt_reddit_pipeline.copy_to_redshift scheduled__2023-06-26T21:20:00+00:00 [queued]>
[2023-06-26 21:30:06,245] {taskinstance.py:1356} INFO - 
--------------------------------------------------------------------------------
[2023-06-26 21:30:06,245] {taskinstance.py:1357} INFO - Starting attempt 1 of 2
[2023-06-26 21:30:06,246] {taskinstance.py:1358} INFO - 
--------------------------------------------------------------------------------
[2023-06-26 21:30:06,259] {taskinstance.py:1377} INFO - Executing <Task(BashOperator): copy_to_redshift> on 2023-06-26 21:20:00+00:00
[2023-06-26 21:30:06,263] {standard_task_runner.py:52} INFO - Started process 8817 to run task
[2023-06-26 21:30:06,266] {standard_task_runner.py:79} INFO - Running: ['***', 'tasks', 'run', 'elt_reddit_pipeline', 'copy_to_redshift', 'scheduled__2023-06-26T21:20:00+00:00', '--job-id', '49', '--raw', '--subdir', 'DAGS_FOLDER/elt_reddit_pipeline.py', '--cfg-path', '/tmp/tmp7ru86vd5', '--error-file', '/tmp/tmpx08unycl']
[2023-06-26 21:30:06,267] {standard_task_runner.py:80} INFO - Job 49: Subtask copy_to_redshift
[2023-06-26 21:30:06,310] {task_command.py:370} INFO - Running <TaskInstance: elt_reddit_pipeline.copy_to_redshift scheduled__2023-06-26T21:20:00+00:00 [running]> on host e5f9599bf06c
[2023-06-26 21:30:06,358] {taskinstance.py:1571} INFO - Exporting the following env vars:
AIRFLOW_CTX_DAG_OWNER=***
AIRFLOW_CTX_DAG_ID=elt_reddit_pipeline
AIRFLOW_CTX_TASK_ID=copy_to_redshift
AIRFLOW_CTX_EXECUTION_DATE=2023-06-26T21:20:00+00:00
AIRFLOW_CTX_TRY_NUMBER=1
AIRFLOW_CTX_DAG_RUN_ID=scheduled__2023-06-26T21:20:00+00:00
[2023-06-26 21:30:06,359] {subprocess.py:62} INFO - Tmp dir root location: 
 /tmp
[2023-06-26 21:30:06,360] {subprocess.py:74} INFO - Running command: ['bash', '-c', 'python /opt/***/extraction/upload_aws_redshift_etl.py 20230626']
[2023-06-26 21:30:06,370] {subprocess.py:85} INFO - Output:
[2023-06-26 21:30:06,513] {subprocess.py:92} INFO - Unable to connect to Redshift. Error could not translate host name "Anmol_reddit_hostname" to address: Name or service not known
[2023-06-26 21:30:06,515] {subprocess.py:92} INFO - 
[2023-06-26 21:30:06,524] {subprocess.py:96} INFO - Command exited with return code 1
[2023-06-26 21:30:06,542] {taskinstance.py:1889} ERROR - Task failed with exception
Traceback (most recent call last):
  File "/home/airflow/.local/lib/python3.7/site-packages/airflow/operators/bash.py", line 195, in execute
    f'Bash command failed. The command returned a non-zero exit code {result.exit_code}.'
airflow.exceptions.AirflowException: Bash command failed. The command returned a non-zero exit code 1.
[2023-06-26 21:30:06,545] {taskinstance.py:1400} INFO - Marking task as UP_FOR_RETRY. dag_id=elt_reddit_pipeline, task_id=copy_to_redshift, execution_date=20230626T212000, start_date=20230626T213006, end_date=20230626T213006
[2023-06-26 21:30:06,552] {standard_task_runner.py:97} ERROR - Failed to execute job 49 for task copy_to_redshift (Bash command failed. The command returned a non-zero exit code 1.; 8817)
[2023-06-26 21:30:06,562] {local_task_job.py:156} INFO - Task exited with return code 1
[2023-06-26 21:30:06,587] {local_task_job.py:273} INFO - 0 downstream tasks scheduled from follow-on schedule check
