[2023-06-26 20:20:00,616] {taskinstance.py:1159} INFO - Dependencies all met for <TaskInstance: elt_reddit_pipeline.extract_reddit_data scheduled__2023-06-26T20:10:00+00:00 [queued]>
[2023-06-26 20:20:00,622] {taskinstance.py:1159} INFO - Dependencies all met for <TaskInstance: elt_reddit_pipeline.extract_reddit_data scheduled__2023-06-26T20:10:00+00:00 [queued]>
[2023-06-26 20:20:00,623] {taskinstance.py:1356} INFO - 
--------------------------------------------------------------------------------
[2023-06-26 20:20:00,623] {taskinstance.py:1357} INFO - Starting attempt 1 of 2
[2023-06-26 20:20:00,624] {taskinstance.py:1358} INFO - 
--------------------------------------------------------------------------------
[2023-06-26 20:20:00,632] {taskinstance.py:1377} INFO - Executing <Task(BashOperator): extract_reddit_data> on 2023-06-26 20:10:00+00:00
[2023-06-26 20:20:00,636] {standard_task_runner.py:52} INFO - Started process 5186 to run task
[2023-06-26 20:20:00,639] {standard_task_runner.py:79} INFO - Running: ['***', 'tasks', 'run', 'elt_reddit_pipeline', 'extract_reddit_data', 'scheduled__2023-06-26T20:10:00+00:00', '--job-id', '19', '--raw', '--subdir', 'DAGS_FOLDER/elt_reddit_pipeline.py', '--cfg-path', '/tmp/tmpq4zt2bdi', '--error-file', '/tmp/tmppx3zm4ne']
[2023-06-26 20:20:00,640] {standard_task_runner.py:80} INFO - Job 19: Subtask extract_reddit_data
[2023-06-26 20:20:00,688] {task_command.py:370} INFO - Running <TaskInstance: elt_reddit_pipeline.extract_reddit_data scheduled__2023-06-26T20:10:00+00:00 [running]> on host e5f9599bf06c
[2023-06-26 20:20:00,747] {taskinstance.py:1571} INFO - Exporting the following env vars:
AIRFLOW_CTX_DAG_OWNER=***
AIRFLOW_CTX_DAG_ID=elt_reddit_pipeline
AIRFLOW_CTX_TASK_ID=extract_reddit_data
AIRFLOW_CTX_EXECUTION_DATE=2023-06-26T20:10:00+00:00
AIRFLOW_CTX_TRY_NUMBER=1
AIRFLOW_CTX_DAG_RUN_ID=scheduled__2023-06-26T20:10:00+00:00
[2023-06-26 20:20:00,749] {subprocess.py:62} INFO - Tmp dir root location: 
 /tmp
[2023-06-26 20:20:00,750] {subprocess.py:74} INFO - Running command: ['bash', '-c', 'python /opt/***/extraction/extract_reddit_etl.py 20230626']
[2023-06-26 20:20:00,760] {subprocess.py:85} INFO - Output:
[2023-06-26 20:20:02,215] {subprocess.py:96} INFO - Command exited with return code 0
[2023-06-26 20:20:02,240] {taskinstance.py:1400} INFO - Marking task as SUCCESS. dag_id=elt_reddit_pipeline, task_id=extract_reddit_data, execution_date=20230626T201000, start_date=20230626T202000, end_date=20230626T202002
[2023-06-26 20:20:02,292] {local_task_job.py:156} INFO - Task exited with return code 0
[2023-06-26 20:20:02,329] {local_task_job.py:273} INFO - 0 downstream tasks scheduled from follow-on schedule check
